2021-01-01 12:32:01 root:INFO:Monitor Start
2021-01-01 12:32:01 root:INFO:[ID=139733438646016]:Qv2ray->https://github.com/Qv2ray/Qv2ray/releases.atom
2021-01-01 12:32:01 root:INFO:[ID=139733430253312]:QvPlugin-Trojan->https://github.com/Qv2ray/QvPlugin-Trojan/releases.atom
2021-01-01 12:32:01 root:INFO:[ID=139733204203264]:QvPlugin-Trojan-GO->https://github.com/Qv2ray/QvPlugin-Trojan-Go/releases.atom
2021-01-01 12:32:01 root:INFO:[ID=139733179025152]:QvPlugin-SSR->https://github.com/Qv2ray/QvPlugin-SSR/releases.atom
2021-01-01 12:32:01 root:INFO:[ID=139733153847040]:v2ray-core->https://github.com/v2fly/v2ray-core/releases.atom
2021-01-01 12:32:01 root:INFO:[ID=139733421860608]:lx-music->https://github.com/lyswhut/lx-music-desktop/releases.atom
2021-01-01 12:32:01 root:INFO:[ID=139733195810560]:ProxySU->https://github.com/proxysu/windows/releases.atom
2021-01-01 12:32:01 root:INFO:[ID=139733187417856]:hexo-next->https://github.com/next-theme/hexo-theme-next/releases.atom
2021-01-01 12:32:01 root:INFO:[ID=139733170632448]:Halo->https://github.com/halo-dev/halo/releases.atom
2021-01-01 12:32:01 root:INFO:[ID=139733162239744]:Traffic-Monitor->https://github.com/zhongyang219/TrafficMonitor/releases.atom
2021-01-01 12:32:01 root:INFO:[ID=139733179025152]:xray-core->https://github.com/XTLS/Xray-core/releases.atom
2021-01-01 12:32:02 root:INFO:-*--*--*--*--*--*--*--*--*--*-
2021-01-01 12:32:02 root:INFO:hexo-next -- v8.2.0
2021-01-01 12:32:05 root:INFO:发送邮件成功！
2021-01-01 12:32:05 root:INFO:-*--*--*--*--*--*--*--*--*--*-
2021-01-01 12:32:05 root:INFO:Monitor End

2021-01-01 22:23:32 root:INFO:Monitor Start
2021-01-01 22:23:32 root:INFO:[ID=140441698363136]:Qv2ray->https://github.com/Qv2ray/Qv2ray/releases.atom
2021-01-01 22:23:32 root:INFO:[ID=140441706755840]:QvPlugin-Trojan->https://github.com/Qv2ray/QvPlugin-Trojan/releases.atom
2021-01-01 22:23:32 root:INFO:[ID=140441689970432]:QvPlugin-Trojan-GO->https://github.com/Qv2ray/QvPlugin-Trojan-Go/releases.atom
2021-01-01 22:23:32 root:INFO:[ID=140441336936192]:QvPlugin-SSR->https://github.com/Qv2ray/QvPlugin-SSR/releases.atom
2021-01-01 22:23:32 root:INFO:[ID=140441320150784]:v2ray-core->https://github.com/v2fly/v2ray-core/releases.atom
2021-01-01 22:23:32 root:INFO:[ID=140441311758080]:lx-music->https://github.com/lyswhut/lx-music-desktop/releases.atom
2021-01-01 22:23:32 root:INFO:[ID=140441303365376]:ProxySU->https://github.com/proxysu/windows/releases.atom
2021-01-01 22:23:32 root:INFO:[ID=140441715148544]:hexo-next->https://github.com/next-theme/hexo-theme-next/releases.atom
2021-01-01 22:23:32 root:INFO:[ID=140441681577728]:Halo->https://github.com/halo-dev/halo/releases.atom
2021-01-01 22:23:32 root:INFO:[ID=140441328543488]:Traffic-Monitor->https://github.com/zhongyang219/TrafficMonitor/releases.atom
2021-01-01 22:23:33 root:INFO:[ID=140441689970432]:xray-core->https://github.com/XTLS/Xray-core/releases.atom
2021-01-01 22:23:33 root:INFO:Monitor End

2021-01-02 12:32:52 root:INFO:Monitor Start
2021-01-02 12:32:52 root:INFO:[ID=140627475748608]:Qv2ray->https://github.com/Qv2ray/Qv2ray/releases.atom
2021-01-02 12:32:52 root:INFO:[ID=140627484141312]:QvPlugin-Trojan->https://github.com/Qv2ray/QvPlugin-Trojan/releases.atom
2021-01-02 12:32:52 root:INFO:[ID=140627467355904]:QvPlugin-Trojan-GO->https://github.com/Qv2ray/QvPlugin-Trojan-Go/releases.atom
2021-01-02 12:32:52 root:INFO:[ID=140627442177792]:QvPlugin-SSR->https://github.com/Qv2ray/QvPlugin-SSR/releases.atom
2021-01-02 12:32:52 root:INFO:[ID=140626943268608]:v2ray-core->https://github.com/v2fly/v2ray-core/releases.atom
2021-01-02 12:32:52 root:INFO:[ID=140627492534016]:lx-music->https://github.com/lyswhut/lx-music-desktop/releases.atom
2021-01-02 12:32:52 root:INFO:[ID=140627450570496]:ProxySU->https://github.com/proxysu/windows/releases.atom
2021-01-02 12:32:52 root:INFO:[ID=140626960054016]:hexo-next->https://github.com/next-theme/hexo-theme-next/releases.atom
2021-01-02 12:32:52 root:INFO:[ID=140626951661312]:Halo->https://github.com/halo-dev/halo/releases.atom
2021-01-02 12:32:52 root:INFO:[ID=140627458963200]:Traffic-Monitor->https://github.com/zhongyang219/TrafficMonitor/releases.atom
2021-01-02 12:32:53 root:INFO:[ID=140627458963200]:xray-core->https://github.com/XTLS/Xray-core/releases.atom
2021-01-02 12:32:53 root:INFO:-*--*--*--*--*--*--*--*--*--*-
2021-01-02 12:32:53 root:INFO:xray-core -- v1.2.0
2021-01-02 12:32:56 root:INFO:发送邮件成功！
2021-01-02 12:32:56 root:INFO:-*--*--*--*--*--*--*--*--*--*-
2021-01-02 12:32:56 root:INFO:Monitor End

2021-01-02 22:21:15 root:INFO:Monitor Start
2021-01-02 22:21:15 root:INFO:[ID=140532932142848]:Qv2ray->https://github.com/Qv2ray/Qv2ray/releases.atom
2021-01-02 22:21:15 root:INFO:[ID=140532940535552]:QvPlugin-Trojan->https://github.com/Qv2ray/QvPlugin-Trojan/releases.atom
2021-01-02 22:21:15 root:INFO:[ID=140532923750144]:QvPlugin-Trojan-GO->https://github.com/Qv2ray/QvPlugin-Trojan-Go/releases.atom
2021-01-02 22:21:15 root:INFO:[ID=140532906964736]:QvPlugin-SSR->https://github.com/Qv2ray/QvPlugin-SSR/releases.atom
2021-01-02 22:21:15 root:INFO:[ID=140532890179328]:v2ray-core->https://github.com/v2fly/v2ray-core/releases.atom
2021-01-02 22:21:15 root:INFO:[ID=140532395271936]:lx-music->https://github.com/lyswhut/lx-music-desktop/releases.atom
2021-01-02 22:21:15 root:INFO:[ID=140533023766272]:ProxySU->https://github.com/proxysu/windows/releases.atom
2021-01-02 22:21:15 root:INFO:[ID=140532898572032]:hexo-next->https://github.com/next-theme/hexo-theme-next/releases.atom
2021-01-02 22:21:15 root:INFO:[ID=140532403664640]:Halo->https://github.com/halo-dev/halo/releases.atom
2021-01-02 22:21:15 root:INFO:[ID=140532915357440]:Traffic-Monitor->https://github.com/zhongyang219/TrafficMonitor/releases.atom
2021-01-02 22:21:15 root:INFO:[ID=140532395271936]:xray-core->https://github.com/XTLS/Xray-core/releases.atom
2021-01-02 22:21:15 root:INFO:Monitor End

2021-01-03 12:33:26 root:INFO:Monitor Start
2021-01-03 12:33:26 root:INFO:[ID=139865739822848]:Qv2ray->https://github.com/Qv2ray/Qv2ray/releases.atom
2021-01-03 12:33:26 root:INFO:[ID=139865689466624]:QvPlugin-Trojan->https://github.com/Qv2ray/QvPlugin-Trojan/releases.atom
2021-01-03 12:33:26 root:INFO:[ID=139865731430144]:QvPlugin-Trojan-GO->https://github.com/Qv2ray/QvPlugin-Trojan-Go/releases.atom
2021-01-03 12:33:26 root:INFO:[ID=139865714644736]:QvPlugin-SSR->https://github.com/Qv2ray/QvPlugin-SSR/releases.atom
2021-01-03 12:33:26 root:INFO:[ID=139865706252032]:v2ray-core->https://github.com/v2fly/v2ray-core/releases.atom
2021-01-03 12:33:26 root:INFO:[ID=139865723037440]:lx-music->https://github.com/lyswhut/lx-music-desktop/releases.atom
2021-01-03 12:33:26 root:INFO:[ID=139865207338752]:ProxySU->https://github.com/proxysu/windows/releases.atom
2021-01-03 12:33:26 root:INFO:[ID=139865697859328]:hexo-next->https://github.com/next-theme/hexo-theme-next/releases.atom
2021-01-03 12:33:26 root:INFO:[ID=139865198946048]:Halo->https://github.com/halo-dev/halo/releases.atom
2021-01-03 12:33:26 root:INFO:[ID=139865190553344]:Traffic-Monitor->https://github.com/zhongyang219/TrafficMonitor/releases.atom
2021-01-03 12:33:26 root:INFO:[ID=139865706252032]:xray-core->https://github.com/XTLS/Xray-core/releases.atom
2021-01-03 12:33:26 root:INFO:Monitor End

2021-01-03 22:21:48 root:INFO:Monitor Start
2021-01-03 22:21:48 root:INFO:[ID=140623738828544]:Qv2ray->https://github.com/Qv2ray/Qv2ray/releases.atom
2021-01-03 22:21:48 root:INFO:[ID=140623815288576]:QvPlugin-Trojan->https://github.com/Qv2ray/QvPlugin-Trojan/releases.atom
2021-01-03 22:21:48 root:INFO:[ID=140623730435840]:QvPlugin-Trojan-GO->https://github.com/Qv2ray/QvPlugin-Trojan-Go/releases.atom
2021-01-03 22:21:48 root:INFO:[ID=140623705257728]:QvPlugin-SSR->https://github.com/Qv2ray/QvPlugin-SSR/releases.atom
2021-01-03 22:21:48 root:INFO:[ID=140623688472320]:v2ray-core->https://github.com/v2fly/v2ray-core/releases.atom
2021-01-03 22:21:48 root:INFO:[ID=140623134848768]:lx-music->https://github.com/lyswhut/lx-music-desktop/releases.atom
2021-01-03 22:21:48 root:INFO:[ID=140623823681280]:ProxySU->https://github.com/proxysu/windows/releases.atom
2021-01-03 22:21:48 root:INFO:[ID=140623722043136]:hexo-next->https://github.com/next-theme/hexo-theme-next/releases.atom
2021-01-03 22:21:48 root:INFO:[ID=140623713650432]:Halo->https://github.com/halo-dev/halo/releases.atom
2021-01-03 22:21:48 root:INFO:[ID=140623696865024]:Traffic-Monitor->https://github.com/zhongyang219/TrafficMonitor/releases.atom
2021-01-03 22:21:48 root:INFO:[ID=140623730435840]:xray-core->https://github.com/XTLS/Xray-core/releases.atom
2021-01-03 22:21:48 root:INFO:Monitor End

