2021-02-01 12:35:43 root:INFO:Monitor Start
2021-02-01 12:35:43 root:INFO:[ID=140651679856384]:Qv2ray->https://github.com/Qv2ray/Qv2ray/releases.atom
2021-02-01 12:35:43 root:INFO:[ID=140651671463680]:QvPlugin-Trojan->https://github.com/Qv2ray/QvPlugin-Trojan/releases.atom
2021-02-01 12:35:43 root:INFO:[ID=140651446396672]:QvPlugin-Trojan-GO->https://github.com/Qv2ray/QvPlugin-Trojan-Go/releases.atom
2021-02-01 12:35:43 root:INFO:[ID=140651438003968]:QvPlugin-SSR->https://github.com/Qv2ray/QvPlugin-SSR/releases.atom
2021-02-01 12:35:43 root:INFO:[ID=140651429611264]:v2ray-core->https://github.com/v2fly/v2ray-core/releases.atom
2021-02-01 12:35:43 root:INFO:[ID=140651421218560]:xray-core->https://github.com/XTLS/Xray-core/releases.atom
2021-02-01 12:35:43 root:INFO:[ID=140651412825856]:Trojan-Go-core->https://github.com/p4gefau1t/trojan-go/releases.atom
2021-02-01 12:35:43 root:INFO:[ID=140651404433152]:ProxySU->https://github.com/proxysu/windows/releases.atom
2021-02-01 12:35:43 root:INFO:[ID=140651688249088]:lx-music->https://github.com/lyswhut/lx-music-desktop/releases.atom
2021-02-01 12:35:43 root:INFO:[ID=140651454789376]:hexo-next->https://github.com/next-theme/hexo-theme-next/releases.atom
2021-02-01 12:35:44 root:INFO:[ID=140651671463680]:Halo->https://github.com/halo-dev/halo/releases.atom
2021-02-01 12:35:44 root:INFO:[ID=140651412825856]:Traffic-Monitor->https://github.com/zhongyang219/TrafficMonitor/releases.atom
2021-02-01 12:35:44 root:INFO:-*--*--*--*--*--*--*--*--*--*-
2021-02-01 12:35:44 root:INFO:xray-core -- v1.2.4
2021-02-01 12:35:44 root:INFO:hexo-next -- v8.2.1
2021-02-01 12:35:46 root:INFO:发送邮件成功！
2021-02-01 12:35:46 root:INFO:-*--*--*--*--*--*--*--*--*--*-
2021-02-01 12:35:46 root:INFO:Monitor End

2021-02-01 22:27:31 root:INFO:Monitor Start
2021-02-01 22:27:31 root:INFO:[ID=140395216250624]:Qv2ray->https://github.com/Qv2ray/Qv2ray/releases.atom
2021-02-01 22:27:31 root:INFO:[ID=140395224643328]:QvPlugin-Trojan->https://github.com/Qv2ray/QvPlugin-Trojan/releases.atom
2021-02-01 22:27:31 root:INFO:[ID=140395207857920]:QvPlugin-Trojan-GO->https://github.com/Qv2ray/QvPlugin-Trojan-Go/releases.atom
2021-02-01 22:27:31 root:INFO:[ID=140395191072512]:QvPlugin-SSR->https://github.com/Qv2ray/QvPlugin-SSR/releases.atom
2021-02-01 22:27:31 root:INFO:[ID=140394696275712]:v2ray-core->https://github.com/v2fly/v2ray-core/releases.atom
2021-02-01 22:27:31 root:INFO:[ID=140394687883008]:xray-core->https://github.com/XTLS/Xray-core/releases.atom
2021-02-01 22:27:31 root:INFO:[ID=140394679490304]:Trojan-Go-core->https://github.com/p4gefau1t/trojan-go/releases.atom
2021-02-01 22:27:31 root:INFO:[ID=140395233036032]:ProxySU->https://github.com/proxysu/windows/releases.atom
2021-02-01 22:27:31 root:INFO:[ID=140395199465216]:lx-music->https://github.com/lyswhut/lx-music-desktop/releases.atom
2021-02-01 22:27:31 root:INFO:[ID=140395182679808]:hexo-next->https://github.com/next-theme/hexo-theme-next/releases.atom
2021-02-01 22:27:31 root:INFO:[ID=140395199465216]:Halo->https://github.com/halo-dev/halo/releases.atom
2021-02-01 22:27:31 root:INFO:[ID=140395216250624]:Traffic-Monitor->https://github.com/zhongyang219/TrafficMonitor/releases.atom
2021-02-01 22:27:31 root:INFO:Monitor End

2021-02-02 12:26:20 root:INFO:Monitor Start
2021-02-02 12:26:20 root:INFO:[ID=140178179434240]:Qv2ray->https://github.com/Qv2ray/Qv2ray/releases.atom
2021-02-02 12:26:20 root:INFO:[ID=140178171041536]:QvPlugin-Trojan->https://github.com/Qv2ray/QvPlugin-Trojan/releases.atom
2021-02-02 12:26:20 root:INFO:[ID=140178162648832]:QvPlugin-Trojan-GO->https://github.com/Qv2ray/QvPlugin-Trojan-Go/releases.atom
2021-02-02 12:26:20 root:INFO:[ID=140178154256128]:QvPlugin-SSR->https://github.com/Qv2ray/QvPlugin-SSR/releases.atom
2021-02-02 12:26:20 root:INFO:[ID=140178145863424]:v2ray-core->https://github.com/v2fly/v2ray-core/releases.atom
2021-02-02 12:26:20 root:INFO:[ID=140177800427264]:xray-core->https://github.com/XTLS/Xray-core/releases.atom
2021-02-02 12:26:20 root:INFO:[ID=140177792034560]:Trojan-Go-core->https://github.com/p4gefau1t/trojan-go/releases.atom
2021-02-02 12:26:20 root:INFO:[ID=140177783641856]:ProxySU->https://github.com/proxysu/windows/releases.atom
2021-02-02 12:26:20 root:INFO:[ID=140178187826944]:lx-music->https://github.com/lyswhut/lx-music-desktop/releases.atom
2021-02-02 12:26:20 root:INFO:[ID=140177775249152]:hexo-next->https://github.com/next-theme/hexo-theme-next/releases.atom
2021-02-02 12:26:21 root:INFO:[ID=140178187826944]:Halo->https://github.com/halo-dev/halo/releases.atom
2021-02-02 12:26:21 root:INFO:[ID=140178162648832]:Traffic-Monitor->https://github.com/zhongyang219/TrafficMonitor/releases.atom
2021-02-02 12:26:21 root:INFO:Monitor End

2021-02-02 22:19:32 root:INFO:Monitor Start
2021-02-02 22:19:32 root:INFO:[ID=140358424438528]:Qv2ray->https://github.com/Qv2ray/Qv2ray/releases.atom
2021-02-02 22:19:32 root:INFO:[ID=140358416045824]:QvPlugin-Trojan->https://github.com/Qv2ray/QvPlugin-Trojan/releases.atom
2021-02-02 22:19:32 root:INFO:[ID=140358399260416]:QvPlugin-Trojan-GO->https://github.com/Qv2ray/QvPlugin-Trojan-Go/releases.atom
2021-02-02 22:19:32 root:INFO:[ID=140358054835968]:QvPlugin-SSR->https://github.com/Qv2ray/QvPlugin-SSR/releases.atom
2021-02-02 22:19:32 root:INFO:[ID=140358046443264]:v2ray-core->https://github.com/v2fly/v2ray-core/releases.atom
2021-02-02 22:19:32 root:INFO:[ID=140358038050560]:xray-core->https://github.com/XTLS/Xray-core/releases.atom
2021-02-02 22:19:32 root:INFO:[ID=140358029657856]:Trojan-Go-core->https://github.com/p4gefau1t/trojan-go/releases.atom
2021-02-02 22:19:32 root:INFO:[ID=140358021265152]:ProxySU->https://github.com/proxysu/windows/releases.atom
2021-02-02 22:19:32 root:INFO:[ID=140358432831232]:lx-music->https://github.com/lyswhut/lx-music-desktop/releases.atom
2021-02-02 22:19:32 root:INFO:[ID=140358407653120]:hexo-next->https://github.com/next-theme/hexo-theme-next/releases.atom
2021-02-02 22:19:32 root:INFO:[ID=140358399260416]:Halo->https://github.com/halo-dev/halo/releases.atom
2021-02-02 22:19:32 root:INFO:[ID=140358054835968]:Traffic-Monitor->https://github.com/zhongyang219/TrafficMonitor/releases.atom
2021-02-02 22:19:32 root:INFO:-*--*--*--*--*--*--*--*--*--*-
2021-02-02 22:19:32 root:INFO:ProxySU -- v2.5.6
2021-02-02 22:19:35 root:INFO:发送邮件成功！
2021-02-02 22:19:35 root:INFO:-*--*--*--*--*--*--*--*--*--*-
2021-02-02 22:19:35 root:INFO:Monitor End

2021-02-03 12:21:05 root:INFO:Monitor Start
2021-02-03 12:21:05 root:INFO:[ID=140409702098688]:Qv2ray->https://github.com/Qv2ray/Qv2ray/releases.atom
2021-02-03 12:21:05 root:INFO:[ID=140409710491392]:QvPlugin-Trojan->https://github.com/Qv2ray/QvPlugin-Trojan/releases.atom
2021-02-03 12:21:05 root:INFO:[ID=140409326008064]:QvPlugin-Trojan-GO->https://github.com/Qv2ray/QvPlugin-Trojan-Go/releases.atom
2021-02-03 12:21:05 root:INFO:[ID=140409676920576]:QvPlugin-SSR->https://github.com/Qv2ray/QvPlugin-SSR/releases.atom
2021-02-03 12:21:05 root:INFO:[ID=140409685313280]:v2ray-core->https://github.com/v2fly/v2ray-core/releases.atom
2021-02-03 12:21:05 root:INFO:[ID=140409693705984]:xray-core->https://github.com/XTLS/Xray-core/releases.atom
2021-02-03 12:21:05 root:INFO:[ID=140409718884096]:Trojan-Go-core->https://github.com/p4gefau1t/trojan-go/releases.atom
2021-02-03 12:21:05 root:INFO:[ID=140409309222656]:ProxySU->https://github.com/proxysu/windows/releases.atom
2021-02-03 12:21:05 root:INFO:[ID=140409317615360]:lx-music->https://github.com/lyswhut/lx-music-desktop/releases.atom
2021-02-03 12:21:05 root:INFO:[ID=140409300829952]:hexo-next->https://github.com/next-theme/hexo-theme-next/releases.atom
2021-02-03 12:21:05 root:INFO:[ID=140409317615360]:Halo->https://github.com/halo-dev/halo/releases.atom
2021-02-03 12:21:05 root:INFO:[ID=140409326008064]:Traffic-Monitor->https://github.com/zhongyang219/TrafficMonitor/releases.atom
2021-02-03 12:21:05 root:INFO:Monitor End

